<?xml version="1.0" encoding="UTF-8"?>
<testsuite xmlns:xsi="http://www.w3.org/2001/XMLSchema-instance" xsi:noNamespaceSchemaLocation="https://maven.apache.org/surefire/maven-surefire-plugin/xsd/surefire-test-report.xsd" name="com.henau.nileigee.test.carInfoTest" time="1.62" tests="4" errors="0" skipped="0" failures="0">
  <properties>
    <property name="sun.desktop" value="windows"/>
    <property name="awt.toolkit" value="sun.awt.windows.WToolkit"/>
    <property name="file.encoding.pkg" value="sun.io"/>
    <property name="java.specification.version" value="1.8"/>
    <property name="sun.cpu.isalist" value="amd64"/>
    <property name="sun.jnu.encoding" value="GBK"/>
    <property name="java.class.path" value="D:\IdeaProjects\parent_maven\projoProject\target\test-classes;D:\IdeaProjects\parent_maven\projoProject\target\classes;D:\Java\maven_repository\mysql\mysql-connector-java\8.0.22\mysql-connector-java-8.0.22.jar;D:\Java\maven_repository\com\google\protobuf\protobuf-java\3.11.4\protobuf-java-3.11.4.jar;D:\Java\maven_repository\c3p0\c3p0\0.9.1.2\c3p0-0.9.1.2.jar;D:\Java\maven_repository\com\alibaba\druid\1.1.10\druid-1.1.10.jar;D:\Java\maven_repository\junit\junit\4.12\junit-4.12.jar;D:\Java\maven_repository\org\hamcrest\hamcrest-core\1.3\hamcrest-core-1.3.jar;D:\Java\maven_repository\org\springframework\spring-context\5.0.5.RELEASE\spring-context-5.0.5.RELEASE.jar;D:\Java\maven_repository\org\springframework\spring-aop\5.0.5.RELEASE\spring-aop-5.0.5.RELEASE.jar;D:\Java\maven_repository\org\springframework\spring-beans\5.0.5.RELEASE\spring-beans-5.0.5.RELEASE.jar;D:\Java\maven_repository\org\springframework\spring-core\5.0.5.RELEASE\spring-core-5.0.5.RELEASE.jar;D:\Java\maven_repository\org\springframework\spring-jcl\5.0.5.RELEASE\spring-jcl-5.0.5.RELEASE.jar;D:\Java\maven_repository\org\springframework\spring-expression\5.0.5.RELEASE\spring-expression-5.0.5.RELEASE.jar;D:\Java\maven_repository\org\springframework\spring-test\5.0.5.RELEASE\spring-test-5.0.5.RELEASE.jar;D:\Java\maven_repository\org\springframework\spring-web\5.0.5.RELEASE\spring-web-5.0.5.RELEASE.jar;D:\Java\maven_repository\org\springframework\spring-webmvc\5.0.5.RELEASE\spring-webmvc-5.0.5.RELEASE.jar;D:\Java\maven_repository\javax\servlet\javax.servlet-api\3.0.1\javax.servlet-api-3.0.1.jar;D:\Java\maven_repository\javax\servlet\jsp\javax.servlet.jsp-api\2.2.1\javax.servlet.jsp-api-2.2.1.jar;D:\Java\maven_repository\com\fasterxml\jackson\core\jackson-core\2.9.0\jackson-core-2.9.0.jar;D:\Java\maven_repository\com\fasterxml\jackson\core\jackson-databind\2.9.0\jackson-databind-2.9.0.jar;D:\Java\maven_repository\com\fasterxml\jackson\core\jackson-annotations\2.9.0\jackson-annotations-2.9.0.jar;D:\Java\maven_repository\commons-fileupload\commons-fileupload\1.3.1\commons-fileupload-1.3.1.jar;D:\Java\maven_repository\commons-io\commons-io\2.3\commons-io-2.3.jar;D:\Java\maven_repository\commons-logging\commons-logging\1.2\commons-logging-1.2.jar;D:\Java\maven_repository\org\slf4j\slf4j-log4j12\1.7.7\slf4j-log4j12-1.7.7.jar;D:\Java\maven_repository\org\slf4j\slf4j-api\1.7.7\slf4j-api-1.7.7.jar;D:\Java\maven_repository\log4j\log4j\1.2.17\log4j-1.2.17.jar;D:\Java\maven_repository\org\springframework\spring-jdbc\5.0.5.RELEASE\spring-jdbc-5.0.5.RELEASE.jar;D:\Java\maven_repository\org\springframework\spring-tx\5.0.5.RELEASE\spring-tx-5.0.5.RELEASE.jar;D:\Java\maven_repository\jstl\jstl\1.2\jstl-1.2.jar;D:\Java\maven_repository\org\mybatis\mybatis\3.4.6\mybatis-3.4.6.jar;"/>
    <property name="java.vm.vendor" value="Oracle Corporation"/>
    <property name="sun.arch.data.model" value="64"/>
    <property name="user.variant" value=""/>
    <property name="java.vendor.url" value="http://java.oracle.com/"/>
    <property name="user.timezone" value="Asia/Shanghai"/>
    <property name="java.vm.specification.version" value="1.8"/>
    <property name="os.name" value="Windows 10"/>
    <property name="user.country" value="CN"/>
    <property name="sun.java.launcher" value="SUN_STANDARD"/>
    <property name="sun.boot.library.path" value="C:\Program Files\Java\jdk1.8.0_261\jre\bin"/>
    <property name="sun.java.command" value="C:\Users\ADMINI~1\AppData\Local\Temp\surefire3365074338161978354\surefirebooter3183259078936267007.jar C:\Users\Administrator\AppData\Local\Temp\surefire3365074338161978354 2021-01-05T15-04-55_604-jvmRun1 surefire2500836007851847582tmp surefire_0586119509294026459tmp"/>
    <property name="surefire.test.class.path" value="D:\IdeaProjects\parent_maven\projoProject\target\test-classes;D:\IdeaProjects\parent_maven\projoProject\target\classes;D:\Java\maven_repository\mysql\mysql-connector-java\8.0.22\mysql-connector-java-8.0.22.jar;D:\Java\maven_repository\com\google\protobuf\protobuf-java\3.11.4\protobuf-java-3.11.4.jar;D:\Java\maven_repository\c3p0\c3p0\0.9.1.2\c3p0-0.9.1.2.jar;D:\Java\maven_repository\com\alibaba\druid\1.1.10\druid-1.1.10.jar;D:\Java\maven_repository\junit\junit\4.12\junit-4.12.jar;D:\Java\maven_repository\org\hamcrest\hamcrest-core\1.3\hamcrest-core-1.3.jar;D:\Java\maven_repository\org\springframework\spring-context\5.0.5.RELEASE\spring-context-5.0.5.RELEASE.jar;D:\Java\maven_repository\org\springframework\spring-aop\5.0.5.RELEASE\spring-aop-5.0.5.RELEASE.jar;D:\Java\maven_repository\org\springframework\spring-beans\5.0.5.RELEASE\spring-beans-5.0.5.RELEASE.jar;D:\Java\maven_repository\org\springframework\spring-core\5.0.5.RELEASE\spring-core-5.0.5.RELEASE.jar;D:\Java\maven_repository\org\springframework\spring-jcl\5.0.5.RELEASE\spring-jcl-5.0.5.RELEASE.jar;D:\Java\maven_repository\org\springframework\spring-expression\5.0.5.RELEASE\spring-expression-5.0.5.RELEASE.jar;D:\Java\maven_repository\org\springframework\spring-test\5.0.5.RELEASE\spring-test-5.0.5.RELEASE.jar;D:\Java\maven_repository\org\springframework\spring-web\5.0.5.RELEASE\spring-web-5.0.5.RELEASE.jar;D:\Java\maven_repository\org\springframework\spring-webmvc\5.0.5.RELEASE\spring-webmvc-5.0.5.RELEASE.jar;D:\Java\maven_repository\javax\servlet\javax.servlet-api\3.0.1\javax.servlet-api-3.0.1.jar;D:\Java\maven_repository\javax\servlet\jsp\javax.servlet.jsp-api\2.2.1\javax.servlet.jsp-api-2.2.1.jar;D:\Java\maven_repository\com\fasterxml\jackson\core\jackson-core\2.9.0\jackson-core-2.9.0.jar;D:\Java\maven_repository\com\fasterxml\jackson\core\jackson-databind\2.9.0\jackson-databind-2.9.0.jar;D:\Java\maven_repository\com\fasterxml\jackson\core\jackson-annotations\2.9.0\jackson-annotations-2.9.0.jar;D:\Java\maven_repository\commons-fileupload\commons-fileupload\1.3.1\commons-fileupload-1.3.1.jar;D:\Java\maven_repository\commons-io\commons-io\2.3\commons-io-2.3.jar;D:\Java\maven_repository\commons-logging\commons-logging\1.2\commons-logging-1.2.jar;D:\Java\maven_repository\org\slf4j\slf4j-log4j12\1.7.7\slf4j-log4j12-1.7.7.jar;D:\Java\maven_repository\org\slf4j\slf4j-api\1.7.7\slf4j-api-1.7.7.jar;D:\Java\maven_repository\log4j\log4j\1.2.17\log4j-1.2.17.jar;D:\Java\maven_repository\org\springframework\spring-jdbc\5.0.5.RELEASE\spring-jdbc-5.0.5.RELEASE.jar;D:\Java\maven_repository\org\springframework\spring-tx\5.0.5.RELEASE\spring-tx-5.0.5.RELEASE.jar;D:\Java\maven_repository\jstl\jstl\1.2\jstl-1.2.jar;D:\Java\maven_repository\org\mybatis\mybatis\3.4.6\mybatis-3.4.6.jar;"/>
    <property name="sun.cpu.endian" value="little"/>
    <property name="user.home" value="C:\Users\Administrator"/>
    <property name="user.language" value="zh"/>
    <property name="java.specification.vendor" value="Oracle Corporation"/>
    <property name="java.home" value="C:\Program Files\Java\jdk1.8.0_261\jre"/>
    <property name="basedir" value="D:\IdeaProjects\parent_maven\projoProject"/>
    <property name="file.separator" value="\"/>
    <property name="line.separator" value="&#10;"/>
    <property name="idea.version2019.2.4" value="true"/>
    <property name="java.vm.specification.vendor" value="Oracle Corporation"/>
    <property name="java.specification.name" value="Java Platform API Specification"/>
    <property name="java.awt.graphicsenv" value="sun.awt.Win32GraphicsEnvironment"/>
    <property name="surefire.real.class.path" value="C:\Users\ADMINI~1\AppData\Local\Temp\surefire3365074338161978354\surefirebooter3183259078936267007.jar"/>
    <property name="sun.boot.class.path" value="C:\Program Files\Java\jdk1.8.0_261\jre\lib\resources.jar;C:\Program Files\Java\jdk1.8.0_261\jre\lib\rt.jar;C:\Program Files\Java\jdk1.8.0_261\jre\lib\sunrsasign.jar;C:\Program Files\Java\jdk1.8.0_261\jre\lib\jsse.jar;C:\Program Files\Java\jdk1.8.0_261\jre\lib\jce.jar;C:\Program Files\Java\jdk1.8.0_261\jre\lib\charsets.jar;C:\Program Files\Java\jdk1.8.0_261\jre\lib\jfr.jar;C:\Program Files\Java\jdk1.8.0_261\jre\classes"/>
    <property name="user.script" value=""/>
    <property name="sun.management.compiler" value="HotSpot 64-Bit Tiered Compilers"/>
    <property name="java.runtime.version" value="1.8.0_261-b12"/>
    <property name="user.name" value="Administrator"/>
    <property name="path.separator" value=";"/>
    <property name="os.version" value="10.0"/>
    <property name="java.endorsed.dirs" value="C:\Program Files\Java\jdk1.8.0_261\jre\lib\endorsed"/>
    <property name="java.runtime.name" value="Java(TM) SE Runtime Environment"/>
    <property name="file.encoding" value="GBK"/>
    <property name="java.vm.name" value="Java HotSpot(TM) 64-Bit Server VM"/>
    <property name="localRepository" value="D:\Java\maven_repository"/>
    <property name="java.vendor.url.bug" value="http://bugreport.sun.com/bugreport/"/>
    <property name="java.io.tmpdir" value="C:\Users\ADMINI~1\AppData\Local\Temp\"/>
    <property name="java.version" value="1.8.0_261"/>
    <property name="user.dir" value="D:\IdeaProjects\parent_maven\projoProject"/>
    <property name="os.arch" value="amd64"/>
    <property name="java.vm.specification.name" value="Java Virtual Machine Specification"/>
    <property name="java.awt.printerjob" value="sun.awt.windows.WPrinterJob"/>
    <property name="sun.os.patch.level" value=""/>
    <property name="java.library.path" value="C:\Program Files\Java\jdk1.8.0_261\jre\bin;C:\Windows\Sun\Java\bin;C:\Windows\system32;C:\Windows;C:\Program Files (x86)\Common Files\Oracle\Java\javapath;C:\Windows\system32;C:\Windows;C:\Windows\System32\Wbem;C:\Windows\System32\WindowsPowerShell\v1.0\;C:\Windows\System32\OpenSSH\;C:\Program Files (x86)\NVIDIA Corporation\PhysX\Common;&quot;C:\Program Files\Java\jdk1.8.0_261\bin;C:\Program Files\Java\jdk1.8.0_261\jre\bin;&quot;;&quot;D:\Java\tomcat\apache-tomcat-9.0.37\bin;&quot;;C:\Program Files\MySQL\MySQL Server 8.0\bin;D:\Java\apache-maven-3.6.3\bin;D:\git\Git\cmd;C:\Users\Administrator\AppData\Local\Microsoft\WindowsApps;D:\BandiZip7.13\;D:\驱动精灵\DriverGenius;D:\驱动精灵\DriverGenius\ksoft;."/>
    <property name="java.vm.info" value="mixed mode"/>
    <property name="java.vendor" value="Oracle Corporation"/>
    <property name="java.vm.version" value="25.261-b12"/>
    <property name="java.ext.dirs" value="C:\Program Files\Java\jdk1.8.0_261\jre\lib\ext;C:\Windows\Sun\Java\lib\ext"/>
    <property name="sun.io.unicode.encoding" value="UnicodeLittle"/>
    <property name="java.class.version" value="52.0"/>
  </properties>
  <testcase name="test1" classname="com.henau.nileigee.test.carInfoTest" time="1.489"/>
  <testcase name="test2" classname="com.henau.nileigee.test.carInfoTest" time="0.063"/>
  <testcase name="test3" classname="com.henau.nileigee.test.carInfoTest" time="0.031"/>
  <testcase name="test4" classname="com.henau.nileigee.test.carInfoTest" time="0.035"/>
</testsuite>